d:\repos\chess\chess\debug\vc141.pdb
d:\repos\chess\chess\debug\vc141.idb
d:\repos\chess\chess\debug\resourcestream.sbr
d:\repos\chess\chess\debug\eventhandler.sbr
d:\repos\chess\chess\debug\settings.sbr
d:\repos\chess\chess\debug\board.sbr
d:\repos\chess\chess\debug\game.sbr
d:\repos\chess\chess\debug\guibase.sbr
d:\repos\chess\chess\debug\label.sbr
d:\repos\chess\chess\debug\button.sbr
d:\repos\chess\chess\debug\bishop.sbr
d:\repos\chess\chess\debug\king.sbr
d:\repos\chess\chess\debug\knight.sbr
d:\repos\chess\chess\debug\pawn.sbr
d:\repos\chess\chess\debug\queen.sbr
d:\repos\chess\chess\debug\rook.sbr
d:\repos\chess\chess\debug\piece.sbr
d:\repos\chess\chess\debug\main.sbr
d:\repos\chess\chess\debug\main.obj
d:\repos\chess\chess\debug\piece.obj
d:\repos\chess\chess\debug\rook.obj
d:\repos\chess\chess\debug\queen.obj
d:\repos\chess\chess\debug\pawn.obj
d:\repos\chess\chess\debug\knight.obj
d:\repos\chess\chess\debug\king.obj
d:\repos\chess\chess\debug\bishop.obj
d:\repos\chess\chess\debug\button.obj
d:\repos\chess\chess\debug\label.obj
d:\repos\chess\chess\debug\guibase.obj
d:\repos\chess\chess\debug\game.obj
d:\repos\chess\chess\debug\board.obj
d:\repos\chess\chess\debug\settings.obj
d:\repos\chess\chess\debug\eventhandler.obj
d:\repos\chess\chess\debug\resourcestream.obj
d:\repos\chess\debug\chess.ilk
d:\repos\chess\debug\chess.exe
d:\repos\chess\debug\chess.pdb
d:\repos\chess\chess\debug\chess.res
d:\repos\chess\debug\chess.bsc
d:\repos\chess\chess\debug\chess.tlog\bscmake.command.1.tlog
d:\repos\chess\chess\debug\chess.tlog\bscmake.read.1.tlog
d:\repos\chess\chess\debug\chess.tlog\chess.write.1u.tlog
d:\repos\chess\chess\debug\chess.tlog\cl.command.1.tlog
d:\repos\chess\chess\debug\chess.tlog\cl.read.1.tlog
d:\repos\chess\chess\debug\chess.tlog\cl.write.1.tlog
d:\repos\chess\chess\debug\chess.tlog\link.command.1.tlog
d:\repos\chess\chess\debug\chess.tlog\link.read.1.tlog
d:\repos\chess\chess\debug\chess.tlog\link.write.1.tlog
d:\repos\chess\chess\debug\chess.tlog\rc.command.1.tlog
d:\repos\chess\chess\debug\chess.tlog\rc.read.1.tlog
d:\repos\chess\chess\debug\chess.tlog\rc.write.1.tlog
